Arguments: 
  /usr/local/Cellar/node/10.5.0_1/bin/node /usr/local/Cellar/yarn/1.7.0/libexec/bin/yarn.js start

PATH: 
  /usr/local/bin:/usr/bin:/bin:/usr/sbin:/sbin

Yarn version: 
  1.7.0

Node version: 
  10.5.0

Platform: 
  darwin x64

Trace: 
  SyntaxError: /Users/JasonPiscatelli/Sites/scoreboardExpress/package.json: Unexpected token / in JSON at position 132
      at JSON.parse (<anonymous>)
      at /usr/local/Cellar/yarn/1.7.0/libexec/lib/cli.js:1130:59
      at Generator.next (<anonymous>)
      at step (/usr/local/Cellar/yarn/1.7.0/libexec/lib/cli.js:98:30)
      at /usr/local/Cellar/yarn/1.7.0/libexec/lib/cli.js:109:13

npm manifest: 
  {
    "name": "scoreboardexpress",
    "version": "0.0.0",
    "private": true,
    "scripts": {
      "start": "PORT=3001 node ./bin/www"
     // "start": "nodemon --exec babel-node routes/index.js"
    },
    "dependencies": {
      "babel-cli": "^6.26.0",
      "cookie-parser": "~1.4.3",
      "debug": "~2.6.9",
      "express": "~4.16.0",
      "http-errors": "~1.6.2",
      "jade": "~1.11.0",
      "morgan": "~1.9.0",
      "serialport": "^6.2.2"
    }
  }

yarn manifest: 
  No manifest

Lockfile: 
  No lockfile
